# JRE version: Java(TM) SE Runtime Environment (20.0.2+9) (build 20.0.2+9-78)
# Java VM: Java HotSpot(TM) 64-Bit Server VM (20.0.2+9-78, mixed mode, sharing, tiered, compressed oops, compressed class ptrs, g1 gc, windows-amd64)
GC Precious Log:
 CardTable entry size: 512
 Card Set container configuration: InlinePtr #cards 5 size 8 Array Of Cards #cards 12 size 40 Howl #buckets 4 coarsen threshold 1843 Howl Bitmap #cards 512 size 80 coarsen threshold 460 Card regions per heap region 1 cards per card region 2048
 CPUs: 4 total, 4 available
 Memory: 6091M
 Large Page Support: Disabled
 NUMA Support: Disabled
 Compressed Oops: Enabled (32-bit)
 Heap Region Size: 1M
 Heap Min Capacity: 8M
 Heap Initial Capacity: 96M
 Heap Max Capacity: 1524M
 Pre-touch: Disabled
 Parallel Workers: 4
 Concurrent Workers: 1
 Concurrent Refinement Workers: 4
 Periodic GC: Disabled
Heap:
 garbage-first heap   total 78848K, used 47711K [0x00000000a0c00000, 0x0000000100000000)
  region size 1024K, 15 young (15360K), 1 survivors (1024K)
 Metaspace       used 69550K, committed 70400K, reserved 1114112K
  class space    used 8508K, committed 9024K, reserved 1048576K
GC Heap History (20 events):
Event: 151730.238 GC heap before
{Heap before GC invocations=94 (full 0):
 garbage-first heap   total 78848K, used 71268K [0x00000000a0c00000, 0x0000000100000000)
  region size 1024K, 36 young (36864K), 1 survivors (1024K)
 Metaspace       used 69515K, committed 70336K, reserved 1114112K
  class space    used 8508K, committed 9024K, reserved 1048576K
}
Event: 151730.338 GC heap after
{Heap after GC invocations=95 (full 0):
 garbage-first heap   total 78848K, used 35308K [0x00000000a0c00000, 0x0000000100000000)
  region size 1024K, 1 young (1024K), 1 survivors (1024K)
 Metaspace       used 69515K, committed 70336K, reserved 1114112K
  class space    used 8508K, committed 9024K, reserved 1048576K
}
Event: 152948.414 GC heap before
{Heap before GC invocations=95 (full 0):
 garbage-first heap   total 78848K, used 70124K [0x00000000a0c00000, 0x0000000100000000)
  region size 1024K, 36 young (36864K), 1 survivors (1024K)
 Metaspace       used 69515K, committed 70336K, reserved 1114112K
  class space    used 8508K, committed 9024K, reserved 1048576K
}
Event: 152948.546 GC heap after
{Heap after GC invocations=96 (full 0):
 garbage-first heap   total 78848K, used 35374K [0x00000000a0c00000, 0x0000000100000000)
  region size 1024K, 1 young (1024K), 1 survivors (1024K)
 Metaspace       used 69515K, committed 70336K, reserved 1114112K
  class space    used 8508K, committed 9024K, reserved 1048576K
}
Event: 154138.084 GC heap before
{Heap before GC invocations=97 (full 0):
 garbage-first heap   total 78848K, used 70190K [0x00000000a0c00000, 0x0000000100000000)
  region size 1024K, 36 young (36864K), 1 survivors (1024K)
 Metaspace       used 69517K, committed 70336K, reserved 1114112K
  class space    used 8508K, committed 9024K, reserved 1048576K
}
Event: 154138.694 GC heap after
{Heap after GC invocations=98 (full 0):
 garbage-first heap   total 78848K, used 35391K [0x00000000a0c00000, 0x0000000100000000)
  region size 1024K, 1 young (1024K), 1 survivors (1024K)
 Metaspace       used 69517K, committed 70336K, reserved 1114112K
  class space    used 8508K, committed 9024K, reserved 1048576K
}
Event: 155285.457 GC heap before
{Heap before GC invocations=98 (full 0):
 garbage-first heap   total 78848K, used 70207K [0x00000000a0c00000, 0x0000000100000000)
  region size 1024K, 36 young (36864K), 1 survivors (1024K)
 Metaspace       used 69528K, committed 70336K, reserved 1114112K
  class space    used 8508K, committed 9024K, reserved 1048576K
}
Event: 155285.552 GC heap after
{Heap after GC invocations=99 (full 0):
 garbage-first heap   total 78848K, used 35412K [0x00000000a0c00000, 0x0000000100000000)
  region size 1024K, 1 young (1024K), 1 survivors (1024K)
 Metaspace       used 69528K, committed 70336K, reserved 1114112K
  class space    used 8508K, committed 9024K, reserved 1048576K
}
Event: 155335.974 GC heap before
{Heap before GC invocations=100 (full 0):
 garbage-first heap   total 78848K, used 37460K [0x00000000a0c00000, 0x0000000100000000)
  region size 1024K, 3 young (3072K), 1 survivors (1024K)
 Metaspace       used 69529K, committed 70336K, reserved 1114112K
  class space    used 8508K, committed 9024K, reserved 1048576K
}
Event: 155335.978 GC heap after
{Heap after GC invocations=101 (full 0):
 garbage-first heap   total 78848K, used 35395K [0x00000000a0c00000, 0x0000000100000000)
  region size 1024K, 1 young (1024K), 1 survivors (1024K)
 Metaspace       used 69529K, committed 70336K, reserved 1114112K
  class space    used 8508K, committed 9024K, reserved 1048576K
}
Event: 156381.338 GC heap before
{Heap before GC invocations=101 (full 0):
 garbage-first heap   total 78848K, used 70211K [0x00000000a0c00000, 0x0000000100000000)
  region size 1024K, 36 young (36864K), 1 survivors (1024K)
 Metaspace       used 69529K, committed 70336K, reserved 1114112K
  class space    used 8508K, committed 9024K, reserved 1048576K
}
Event: 156381.551 GC heap after
{Heap after GC invocations=102 (full 0):
 garbage-first heap   total 78848K, used 35409K [0x00000000a0c00000, 0x0000000100000000)
  region size 1024K, 1 young (1024K), 1 survivors (1024K)
 Metaspace       used 69529K, committed 70336K, reserved 1114112K
  class space    used 8508K, committed 9024K, reserved 1048576K
}
Event: 156432.299 GC heap before
{Heap before GC invocations=103 (full 0):
 garbage-first heap   total 78848K, used 37457K [0x00000000a0c00000, 0x0000000100000000)
  region size 1024K, 3 young (3072K), 1 survivors (1024K)
 Metaspace       used 69530K, committed 70336K, reserved 1114112K
  class space    used 8508K, committed 9024K, reserved 1048576K
}
Event: 156432.306 GC heap after
{Heap after GC invocations=104 (full 0):
 garbage-first heap   total 78848K, used 35411K [0x00000000a0c00000, 0x0000000100000000)
  region size 1024K, 1 young (1024K), 1 survivors (1024K)
 Metaspace       used 69530K, committed 70336K, reserved 1114112K
  class space    used 8508K, committed 9024K, reserved 1048576K
}
Event: 157448.543 GC heap before
{Heap before GC invocations=104 (full 0):
 garbage-first heap   total 78848K, used 70227K [0x00000000a0c00000, 0x0000000100000000)
  region size 1024K, 36 young (36864K), 1 survivors (1024K)
 Metaspace       used 69534K, committed 70400K, reserved 1114112K
  class space    used 8508K, committed 9024K, reserved 1048576K
}
Event: 157448.688 GC heap after
{Heap after GC invocations=105 (full 0):
 garbage-first heap   total 78848K, used 35405K [0x00000000a0c00000, 0x0000000100000000)
  region size 1024K, 1 young (1024K), 1 survivors (1024K)
 Metaspace       used 69534K, committed 70400K, reserved 1114112K
  class space    used 8508K, committed 9024K, reserved 1048576K
}
Event: 158800.305 GC heap before
{Heap before GC invocations=106 (full 0):
 garbage-first heap   total 78848K, used 70221K [0x00000000a0c00000, 0x0000000100000000)
  region size 1024K, 36 young (36864K), 1 survivors (1024K)
 Metaspace       used 69541K, committed 70400K, reserved 1114112K
  class space    used 8508K, committed 9024K, reserved 1048576K
}
Event: 158800.489 GC heap after
{Heap after GC invocations=107 (full 0):
 garbage-first heap   total 78848K, used 35437K [0x00000000a0c00000, 0x0000000100000000)
  region size 1024K, 1 young (1024K), 1 survivors (1024K)
 Metaspace       used 69541K, committed 70400K, reserved 1114112K
  class space    used 8508K, committed 9024K, reserved 1048576K
}
Event: 160043.689 GC heap before
{Heap before GC invocations=107 (full 0):
 garbage-first heap   total 78848K, used 71277K [0x00000000a0c00000, 0x0000000100000000)
  region size 1024K, 36 young (36864K), 1 survivors (1024K)
 Metaspace       used 69547K, committed 70400K, reserved 1114112K
  class space    used 8508K, committed 9024K, reserved 1048576K
}
Event: 160043.831 GC heap after
{Heap after GC invocations=108 (full 0):
 garbage-first heap   total 78848K, used 35423K [0x00000000a0c00000, 0x0000000100000000)
  region size 1024K, 1 young (1024K), 1 survivors (1024K)
 Metaspace       used 69547K, committed 70400K, reserved 1114112K
  class space    used 8508K, committed 9024K, reserved 1048576K
}

